In file included from [01m[K/home/pino/pino_ws/sercure_service/catkin_ws/src/peripherals_handle/src/d455_handle.cpp:4[m[K:
[01m[K/home/pino/pino_ws/papi/PAPI.h:32:22:[m[K [01;31m[Kerror: [m[Kdeclaration of â€˜[01m[Kclass std::vector<double>[m[Kâ€™ in namespace â€˜[01m[Kboost::mpl[m[Kâ€™ which does not enclose â€˜[01m[Kstd[m[Kâ€™
   32 | #define vector3 std::[01;31m[Kvector<double>[m[K // Vector3 contains 3 double variables
      |                      [01;31m[K^~~~~~~~~~~~~~[m[K
[01m[K/home/pino/pino_ws/papi/PAPI.h:32:17:[m[K [01;31m[Kerror: [m[Kâ€˜[01m[Kstd::vector<double>[m[Kâ€™ is not a template
   32 | #define vector3 [01;31m[Kstd[m[K::vector<double> // Vector3 contains 3 double variables
      |                 [01;31m[K^~~[m[K
In file included from [01m[K/usr/include/boost/mpl/aux_/include_preprocessed.hpp:37[m[K,
                 from [01m[K/usr/include/boost/mpl/vector.hpp:46[m[K,
                 from [01m[K/usr/include/boost/math/policies/policy.hpp:14[m[K,
                 from [01m[K/usr/include/boost/math/policies/error_handling.hpp:21[m[K,
                 from [01m[K/usr/include/boost/math/special_functions/round.hpp:14[m[K,
                 from [01m[K/opt/ros/noetic/include/ros/time.h:58[m[K,
                 from [01m[K/opt/ros/noetic/include/ros/ros.h:38[m[K,
                 from [01m[K/home/pino/pino_ws/sercure_service/catkin_ws/src/peripherals_handle/include/peripherals_handle/peripherals_handle_lib.h:1[m[K,
                 from [01m[K/home/pino/pino_ws/sercure_service/catkin_ws/src/peripherals_handle/src/d455_handle.cpp:5[m[K:
[01m[K/usr/include/boost/mpl/aux_/preprocessed/gcc/vector.hpp:67:14:[m[K [01;31m[Kerror: [m[Kexpected â€˜[01m[K{[m[Kâ€™ before â€˜[01m[K<[m[Kâ€™ token
   67 |     : vector3[01;31m[K<[m[K T0,T1,T2 >
      |              [01;31m[K^[m[K
In file included from [01m[K/home/pino/pino_ws/sercure_service/catkin_ws/src/peripherals_handle/src/t265_handle.cpp:7[m[K:
[01m[K/home/pino/pino_ws/papi/PAPI.h:32:22:[m[K [01;31m[Kerror: [m[Kdeclaration of â€˜[01m[Kclass std::vector<double>[m[Kâ€™ in namespace â€˜[01m[Kboost::mpl[m[Kâ€™ which does not enclose â€˜[01m[Kstd[m[Kâ€™
   32 | #define vector3 std::[01;31m[Kvector<double>[m[K // Vector3 contains 3 double variables
      |                      [01;31m[K^~~~~~~~~~~~~~[m[K
[01m[K/home/pino/pino_ws/papi/PAPI.h:32:17:[m[K [01;31m[Kerror: [m[Kâ€˜[01m[Kstd::vector<double>[m[Kâ€™ is not a template
   32 | #define vector3 [01;31m[Kstd[m[K::vector<double> // Vector3 contains 3 double variables
      |                 [01;31m[K^~~[m[K
In file included from [01m[K/usr/include/boost/mpl/aux_/include_preprocessed.hpp:37[m[K,
                 from [01m[K/usr/include/boost/mpl/vector.hpp:46[m[K,
                 from [01m[K/usr/include/boost/math/policies/policy.hpp:14[m[K,
                 from [01m[K/usr/include/boost/math/policies/error_handling.hpp:21[m[K,
                 from [01m[K/usr/include/boost/math/special_functions/round.hpp:14[m[K,
                 from [01m[K/opt/ros/noetic/include/ros/time.h:58[m[K,
                 from [01m[K/opt/ros/noetic/include/ros/ros.h:38[m[K,
                 from [01m[K/home/pino/pino_ws/sercure_service/catkin_ws/src/peripherals_handle/include/peripherals_handle/peripherals_handle_lib.h:1[m[K,
                 from [01m[K/home/pino/pino_ws/sercure_service/catkin_ws/src/peripherals_handle/src/t265_handle.cpp:8[m[K:
[01m[K/usr/include/boost/mpl/aux_/preprocessed/gcc/vector.hpp:67:14:[m[K [01;31m[Kerror: [m[Kexpected â€˜[01m[K{[m[Kâ€™ before â€˜[01m[K<[m[Kâ€™ token
   67 |     : vector3[01;31m[K<[m[K T0,T1,T2 >
      |              [01;31m[K^[m[K
[01m[K/home/pino/pino_ws/sercure_service/catkin_ws/src/peripherals_handle/src/t265_handle.cpp:13:25:[m[K [01;31m[Kerror: [m[Kâ€˜[01m[Knav_msgs[m[Kâ€™ does not name a type
   13 | void odomCallback(const [01;31m[Knav_msgs[m[K::Odometry::ConstPtr &msg)
      |                         [01;31m[K^~~~~~~~[m[K
[01m[K/home/pino/pino_ws/sercure_service/catkin_ws/src/peripherals_handle/src/t265_handle.cpp:13:43:[m[K [01;31m[Kerror: [m[Kexpected unqualified-id before â€˜[01m[K::[m[Kâ€™ token
   13 | void odomCallback(const nav_msgs::Odometry[01;31m[K::[m[KConstPtr &msg)
      |                                           [01;31m[K^~[m[K
[01m[K/home/pino/pino_ws/sercure_service/catkin_ws/src/peripherals_handle/src/t265_handle.cpp:13:43:[m[K [01;31m[Kerror: [m[Kexpected â€˜[01m[K)[m[Kâ€™ before â€˜[01m[K::[m[Kâ€™ token
   13 | void odomCallback[34m[K([m[Kconst nav_msgs::Odometry[01;31m[K:[m[K[32m[K:[m[KConstPtr &msg)
      |                  [34m[K~[m[K                        [01;31m[K^[m[K[32m[K~[m[K
      |                                           [32m[K)[m[K
[01m[K/home/pino/pino_ws/sercure_service/catkin_ws/src/peripherals_handle/src/t265_handle.cpp:13:43:[m[K [01;31m[Kerror: [m[Kexpected initializer before â€˜[01m[K::[m[Kâ€™ token
   13 | void odomCallback(const nav_msgs::Odometry[01;31m[K::[m[KConstPtr &msg)
      |                                           [01;31m[K^~[m[K
[01m[K/home/pino/pino_ws/sercure_service/catkin_ws/src/peripherals_handle/src/t265_handle.cpp:[m[K In function â€˜[01m[Kint main(int, char**)[m[Kâ€™:
[01m[K/home/pino/pino_ws/sercure_service/catkin_ws/src/peripherals_handle/src/t265_handle.cpp:23:65:[m[K [01;31m[Kerror: [m[Kâ€˜[01m[KodomCallback[m[Kâ€™ was not declared in this scope
   23 |     ros::Subscriber sub = nh.subscribe("/t265/odom/sample", 10, [01;31m[KodomCallback[m[K);
      |                                                                 [01;31m[K^~~~~~~~~~~~[m[K
make[2]: *** [CMakeFiles/t265_handle.dir/build.make:63: CMakeFiles/t265_handle.dir/src/t265_handle.cpp.o] Error 1
make[1]: *** [CMakeFiles/Makefile2:187: CMakeFiles/t265_handle.dir/all] Error 2
make[1]: *** Waiting for unfinished jobs....
make[2]: *** [CMakeFiles/d455_handle.dir/build.make:63: CMakeFiles/d455_handle.dir/src/d455_handle.cpp.o] Error 1
make[1]: *** [CMakeFiles/Makefile2:241: CMakeFiles/d455_handle.dir/all] Error 2
make: *** [Makefile:141: all] Error 2
