[35m[1mScanning dependencies of target peripherals_handle[0m
[ 12%] [32mBuilding CXX object CMakeFiles/peripherals_handle.dir/src/peripherals_handle_lib.cpp.o[0m
[01m[K/home/pino/pino_ws/sercure_service/catkin_ws/src/peripherals_handle/src/peripherals_handle_lib.cpp:[m[K In function â€˜[01m[Kint image_exist(const Image&)[m[Kâ€™:
[01m[K/home/pino/pino_ws/sercure_service/catkin_ws/src/peripherals_handle/src/peripherals_handle_lib.cpp:17:20:[m[K [01;31m[Kerror: [m[Kâ€˜[01m[KPERIPHERAL_STATUS[m[Kâ€™ has not been declared
   17 |             return [01;31m[KPERIPHERAL_STATUS[m[K::INACTIVE;
      |                    [01;31m[K^~~~~~~~~~~~~~~~~[m[K
[01m[K/home/pino/pino_ws/sercure_service/catkin_ws/src/peripherals_handle/src/peripherals_handle_lib.cpp:22:16:[m[K [01;31m[Kerror: [m[Kâ€˜[01m[KPERIPHERAL_STATUS[m[Kâ€™ has not been declared
   22 |         return [01;31m[KPERIPHERAL_STATUS[m[K::ACTIVE;
      |                [01;31m[K^~~~~~~~~~~~~~~~~[m[K
[01m[K/home/pino/pino_ws/sercure_service/catkin_ws/src/peripherals_handle/src/peripherals_handle_lib.cpp:24:16:[m[K [01;31m[Kerror: [m[Kâ€˜[01m[KPERIPHERAL_STATUS[m[Kâ€™ has not been declared
   24 |         return [01;31m[KPERIPHERAL_STATUS[m[K::WAITING_FOR_ACTIVE;
      |                [01;31m[K^~~~~~~~~~~~~~~~~[m[K
make[2]: *** [CMakeFiles/peripherals_handle.dir/build.make:63: CMakeFiles/peripherals_handle.dir/src/peripherals_handle_lib.cpp.o] Error 1
make[1]: *** [CMakeFiles/Makefile2:268: CMakeFiles/peripherals_handle.dir/all] Error 2
make: *** [Makefile:141: all] Error 2
